<?xml version="1.0" encoding="UTF-8"?>
<!-- Generated by org.testng.reporters.JUnitReportReporter -->
<testsuite hostname="DESKTOP-GVIRPN1" failures="0" tests="2" name="com.crm.TestNG.Contact.Assert_Test" time="16.610" errors="0" timestamp="2024-05-13T14:36:37 IST" skipped="0">
  <testcase classname="com.crm.TestNG.Contact.Assert_Test" name="homePageTest" time="7.440"/>
  <system-out/>
  <testcase classname="com.crm.TestNG.Contact.Assert_Test" name="verifyHomePageLogoTest" time="9.170"/>
  <system-out/>
</testsuite> <!-- com.crm.TestNG.Contact.Assert_Test -->
