<?xml version="1.0" encoding="UTF-8"?>
<!-- Generated by org.testng.reporters.JUnitReportReporter -->
<testsuite hostname="DESKTOP-GVIRPN1" failures="0" tests="2" name="com.crm.TestNG.Contact.Simple_ContactTest" time="56.618" errors="0" timestamp="2024-05-15T14:34:36 IST" skipped="0">
  <testcase classname="com.crm.TestNG.Contact.Simple_ContactTest" name="createContact" time="28.585"/>
  <system-out/>
  <testcase classname="com.crm.TestNG.Contact.Simple_ContactTest" name="createContact" time="28.033"/>
  <system-out/>
</testsuite> <!-- com.crm.TestNG.Contact.Simple_ContactTest -->
