<?xml version="1.0" encoding="UTF-8"?>
<!-- Generated by org.testng.reporters.JUnitReportReporter -->
<testsuite hostname="DESKTOP-GVIRPN1" failures="0" tests="1" name="com.crm.TestNG.Contact.ExtentReport" time="5.453" errors="0" timestamp="2024-05-18T15:19:03 IST" skipped="0">
  <testcase classname="com.crm.TestNG.Contact.ExtentReport" name="generateExtentReport" time="5.453"/>
  <system-out/>
</testsuite> <!-- com.crm.TestNG.Contact.ExtentReport -->
