<?xml version="1.0" encoding="UTF-8"?>
<!-- Generated by org.testng.reporters.JUnitReportReporter -->
<testsuite hostname="DESKTOP-GVIRPN1" failures="0" tests="1" name="com.crm.TestNG.Contact.Contact_date" time="20.439" errors="0" timestamp="2024-05-13T17:11:45 IST" skipped="0">
  <testcase classname="com.crm.TestNG.Contact.Contact_date" name="createContactWithDate" time="20.439"/>
  <system-out/>
</testsuite> <!-- com.crm.TestNG.Contact.Contact_date -->
