<?xml version="1.0" encoding="UTF-8"?>
<!-- Generated by org.testng.reporters.JUnitReportReporter -->
<testsuite hostname="DESKTOP-GVIRPN1" failures="0" tests="1" name="testng_dataprovider.Dp_Excel" time="0.000" errors="0" timestamp="2024-05-10T11:47:52 IST" skipped="1">
  <testcase classname="testng_dataprovider.Dp_Excel" name="getProductPrice" time="0.000">
    <skipped/>
  </testcase> <!-- getProductPrice -->
  <system-out/>
</testsuite> <!-- testng_dataprovider.Dp_Excel -->
