<?xml version="1.0" encoding="UTF-8"?>
<!-- Generated by org.testng.reporters.JUnitReportReporter -->
<testsuite hostname="DESKTOP-GVIRPN1" failures="0" tests="3" name="testng_dataprovider.Dp_ExcelTest" time="27.188" errors="0" timestamp="2024-05-10T11:57:14 IST" skipped="0">
  <testcase classname="testng_dataprovider.Dp_ExcelTest" name="getProductPrice" time="9.308"/>
  <system-out/>
  <testcase classname="testng_dataprovider.Dp_ExcelTest" name="getProductPrice" time="8.552"/>
  <system-out/>
  <testcase classname="testng_dataprovider.Dp_ExcelTest" name="getProductPrice" time="9.328"/>
  <system-out/>
</testsuite> <!-- testng_dataprovider.Dp_ExcelTest -->
